<?xml version="1.0" encoding="utf-8"?><testsuites><testsuite name="pytest" errors="2" failures="1" skipped="2" tests="23" time="1.396" timestamp="2023-08-28T08:56:49.308811" hostname="dneprokos-omen"><testcase classname="" name="tests.login_page_test" time="0.000"><error message="collection failure">ImportError while importing test module 'C:\PersonalProjects\python-webdriver\tests\login_page_test.py'.
Hint: make sure your test modules/packages have valid Python names.
Traceback:
C:\Users\Master\AppData\Local\Programs\Python\Python311\Lib\importlib\__init__.py:126: in import_module
    return _bootstrap._gcd_import(name[level:], package, level)
tests\login_page_test.py:4: in &lt;module&gt;
    from pages.login_page import LoginPage
E   ModuleNotFoundError: No module named 'pages'</error></testcase><testcase classname="" name="tests.radio_buttons_page_test" time="0.000"><error message="collection failure">ImportError while importing test module 'C:\PersonalProjects\python-webdriver\tests\radio_buttons_page_test.py'.
Hint: make sure your test modules/packages have valid Python names.
Traceback:
C:\Users\Master\AppData\Local\Programs\Python\Python311\Lib\importlib\__init__.py:126: in import_module
    return _bootstrap._gcd_import(name[level:], package, level)
tests\radio_buttons_page_test.py:6: in &lt;module&gt;
    from pages.radio_buttons_page import RadioButtonsPage
E   ModuleNotFoundError: No module named 'pages'</error></testcase><testcase classname="tests.py_test_capabilities_test" name="test_one_plus_one" time="0.001" /><testcase classname="tests.py_test_capabilities_test" name="test_multiply_by_two[1-2]" time="0.001" /><testcase classname="tests.py_test_capabilities_test" name="test_add_prepared_params[1-1-2]" time="0.001" /><testcase classname="tests.py_test_capabilities_test" name="test_multiply_by_two[3-6]" time="0.001" /><testcase classname="tests.py_test_capabilities_test" name="test_add[1-1-2]" time="0.001" /><testcase classname="tests.py_test_capabilities_test" name="test_handle_exception" time="0.001" /><testcase classname="tests.py_test_capabilities_test" name="test_add_prepared_params[2-2-4]" time="0.001" /><testcase classname="tests.py_test_capabilities_test" name="test_list_equality" time="0.001" /><testcase classname="tests.py_test_capabilities_test" name="test_multiply_by_two[2-4]" time="0.001" /><testcase classname="tests.py_test_capabilities_test" name="test_add[2-2-4]" time="0.001" /><testcase classname="tests.py_test_capabilities_test" name="test_list_contains" time="0.001" /><testcase classname="tests.py_test_capabilities_test" name="test_list_inequality" time="0.001" /><testcase classname="tests.py_test_capabilities_test" name="test_list_does_not_contain" time="0.001" /><testcase classname="tests.py_test_capabilities_test" name="test_list_contains_items_in_order" time="0.001" /><testcase classname="tests.py_test_capabilities_test" name="test_list_contains_few_items" time="0.001"><failure message="assert [1, 2] in [1, 2, 3]">def test_list_contains_few_items():
        list1 = [1, 2, 3]
        list2 = [1, 2]
&gt;       assert list2 in list1
E       assert [1, 2] in [1, 2, 3]

tests\py_test_capabilities_test.py:67: AssertionError</failure></testcase><testcase classname="tests.py_test_capabilities_test" name="test_fixture" time="0.001" /><testcase classname="tests.py_test_capabilities_test" name="test_markers_skip" time="0.001"><skipped type="pytest.skip" message="unconditional skip">C:\PersonalProjects\python-webdriver\tests\py_test_capabilities_test.py:111: unconditional skip</skipped></testcase><testcase classname="tests.py_test_capabilities_test" name="test_fixture2" time="0.002" /><testcase classname="tests.py_test_capabilities_test" name="test_multiple_fixtures" time="0.002" /><testcase classname="tests.py_test_capabilities_test" name="test_markers" time="0.001" /><testcase classname="tests.py_test_capabilities_test" name="test_markers_skipif" time="0.001"><skipped type="pytest.skip" message="Skip if 1 + 1 == 2">C:\PersonalProjects\python-webdriver\tests\py_test_capabilities_test.py:116: Skip if 1 + 1 == 2</skipped></testcase></testsuite></testsuites>